<?xml version="1.0" encoding="UTF-8"?>
<testsuite xmlns:xsi="http://www.w3.org/2001/XMLSchema-instance" xsi:noNamespaceSchemaLocation="https://maven.apache.org/surefire/maven-surefire-plugin/xsd/surefire-test-report-3.0.xsd" version="3.0" name="TestSuite" time="168.468" tests="5" errors="0" skipped="0" failures="0">
  <properties>
    <property name="sun.desktop" value="gnome"/>
    <property name="awt.toolkit" value="sun.awt.X11.XToolkit"/>
    <property name="java.specification.version" value="11"/>
    <property name="sun.cpu.isalist" value=""/>
    <property name="sun.jnu.encoding" value="UTF-8"/>
    <property name="java.class.path" value="/home/manish/Desktop/ReportFromRepository/NMC-API-Automation/target/test-classes:/home/manish/Desktop/ReportFromRepository/NMC-API-Automation/target/classes:/home/manish/.m2/repository/org/seleniumhq/selenium/selenium-java/3.141.59/selenium-java-3.141.59.jar:/home/manish/.m2/repository/org/seleniumhq/selenium/selenium-api/3.141.59/selenium-api-3.141.59.jar:/home/manish/.m2/repository/org/seleniumhq/selenium/selenium-chrome-driver/3.141.59/selenium-chrome-driver-3.141.59.jar:/home/manish/.m2/repository/org/seleniumhq/selenium/selenium-edge-driver/3.141.59/selenium-edge-driver-3.141.59.jar:/home/manish/.m2/repository/org/seleniumhq/selenium/selenium-firefox-driver/3.141.59/selenium-firefox-driver-3.141.59.jar:/home/manish/.m2/repository/org/seleniumhq/selenium/selenium-ie-driver/3.141.59/selenium-ie-driver-3.141.59.jar:/home/manish/.m2/repository/org/seleniumhq/selenium/selenium-opera-driver/3.141.59/selenium-opera-driver-3.141.59.jar:/home/manish/.m2/repository/org/seleniumhq/selenium/selenium-remote-driver/3.141.59/selenium-remote-driver-3.141.59.jar:/home/manish/.m2/repository/org/seleniumhq/selenium/selenium-safari-driver/3.141.59/selenium-safari-driver-3.141.59.jar:/home/manish/.m2/repository/org/seleniumhq/selenium/selenium-support/3.141.59/selenium-support-3.141.59.jar:/home/manish/.m2/repository/net/bytebuddy/byte-buddy/1.8.15/byte-buddy-1.8.15.jar:/home/manish/.m2/repository/org/apache/commons/commons-exec/1.3/commons-exec-1.3.jar:/home/manish/.m2/repository/com/google/guava/guava/25.0-jre/guava-25.0-jre.jar:/home/manish/.m2/repository/com/google/code/findbugs/jsr305/1.3.9/jsr305-1.3.9.jar:/home/manish/.m2/repository/org/checkerframework/checker-compat-qual/2.0.0/checker-compat-qual-2.0.0.jar:/home/manish/.m2/repository/com/google/errorprone/error_prone_annotations/2.1.3/error_prone_annotations-2.1.3.jar:/home/manish/.m2/repository/com/google/j2objc/j2objc-annotations/1.1/j2objc-annotations-1.1.jar:/home/manish/.m2/repository/org/codehaus/mojo/animal-sniffer-annotations/1.14/animal-sniffer-annotations-1.14.jar:/home/manish/.m2/repository/com/squareup/okhttp3/okhttp/3.11.0/okhttp-3.11.0.jar:/home/manish/.m2/repository/com/squareup/okio/okio/1.14.0/okio-1.14.0.jar:/home/manish/.m2/repository/org/testng/testng/6.14.3/testng-6.14.3.jar:/home/manish/.m2/repository/com/beust/jcommander/1.72/jcommander-1.72.jar:/home/manish/.m2/repository/org/apache-extras/beanshell/bsh/2.0b6/bsh-2.0b6.jar:/home/manish/.m2/repository/org/apache/poi/poi/4.0.1/poi-4.0.1.jar:/home/manish/.m2/repository/commons-codec/commons-codec/1.11/commons-codec-1.11.jar:/home/manish/.m2/repository/org/apache/commons/commons-collections4/4.2/commons-collections4-4.2.jar:/home/manish/.m2/repository/org/apache/commons/commons-math3/3.6.1/commons-math3-3.6.1.jar:/home/manish/.m2/repository/org/apache/poi/poi-ooxml/4.0.1/poi-ooxml-4.0.1.jar:/home/manish/.m2/repository/org/apache/poi/poi-ooxml-schemas/4.0.1/poi-ooxml-schemas-4.0.1.jar:/home/manish/.m2/repository/org/apache/xmlbeans/xmlbeans/3.0.2/xmlbeans-3.0.2.jar:/home/manish/.m2/repository/org/apache/commons/commons-compress/1.18/commons-compress-1.18.jar:/home/manish/.m2/repository/com/github/virtuald/curvesapi/1.05/curvesapi-1.05.jar:/home/manish/.m2/repository/com/aventstack/extentreports/4.0.9/extentreports-4.0.9.jar:/home/manish/.m2/repository/org/freemarker/freemarker/2.3.23/freemarker-2.3.23.jar:/home/manish/.m2/repository/org/mongodb/mongodb-driver/3.3.0/mongodb-driver-3.3.0.jar:/home/manish/.m2/repository/org/mongodb/mongodb-driver-core/3.3.0/mongodb-driver-core-3.3.0.jar:/home/manish/.m2/repository/org/mongodb/bson/3.3.0/bson-3.3.0.jar:/home/manish/.m2/repository/org/apache/httpcomponents/httpclient/4.5.2/httpclient-4.5.2.jar:/home/manish/.m2/repository/org/apache/httpcomponents/httpcore/4.4.4/httpcore-4.4.4.jar:/home/manish/.m2/repository/commons-logging/commons-logging/1.2/commons-logging-1.2.jar:/home/manish/.m2/repository/org/apache/httpcomponents/httpmime/4.5.2/httpmime-4.5.2.jar:/home/manish/.m2/repository/com/google/code/gson/gson/2.8.5/gson-2.8.5.jar:/home/manish/.m2/repository/org/apache/commons/commons-lang3/3.8.1/commons-lang3-3.8.1.jar:/home/manish/.m2/repository/commons-io/commons-io/2.6/commons-io-2.6.jar:/home/manish/.m2/repository/log4j/log4j/1.2.17/log4j-1.2.17.jar:"/>
    <property name="java.vm.vendor" value="Oracle Corporation"/>
    <property name="sun.arch.data.model" value="64"/>
    <property name="java.vendor.url" value="http://java.oracle.com/"/>
    <property name="user.timezone" value=""/>
    <property name="java.vm.specification.version" value="11"/>
    <property name="os.name" value="Linux"/>
    <property name="sun.java.launcher" value="SUN_STANDARD"/>
    <property name="user.country" value="IN"/>
    <property name="sun.boot.library.path" value="/usr/lib/jvm/java-11-openjdk-amd64/lib"/>
    <property name="sun.java.command" value="/home/manish/Desktop/ReportFromRepository/NMC-API-Automation/target/surefire/surefirebooter18064457763448164456.jar /home/manish/Desktop/ReportFromRepository/NMC-API-Automation/target/surefire 2019-06-12T14-02-44_524-jvmRun1 surefire3330138859554969450tmp surefire_0117275195445894868tmp"/>
    <property name="jdk.debug" value="release"/>
    <property name="surefire.test.class.path" value="/home/manish/Desktop/ReportFromRepository/NMC-API-Automation/target/test-classes:/home/manish/Desktop/ReportFromRepository/NMC-API-Automation/target/classes:/home/manish/.m2/repository/org/seleniumhq/selenium/selenium-java/3.141.59/selenium-java-3.141.59.jar:/home/manish/.m2/repository/org/seleniumhq/selenium/selenium-api/3.141.59/selenium-api-3.141.59.jar:/home/manish/.m2/repository/org/seleniumhq/selenium/selenium-chrome-driver/3.141.59/selenium-chrome-driver-3.141.59.jar:/home/manish/.m2/repository/org/seleniumhq/selenium/selenium-edge-driver/3.141.59/selenium-edge-driver-3.141.59.jar:/home/manish/.m2/repository/org/seleniumhq/selenium/selenium-firefox-driver/3.141.59/selenium-firefox-driver-3.141.59.jar:/home/manish/.m2/repository/org/seleniumhq/selenium/selenium-ie-driver/3.141.59/selenium-ie-driver-3.141.59.jar:/home/manish/.m2/repository/org/seleniumhq/selenium/selenium-opera-driver/3.141.59/selenium-opera-driver-3.141.59.jar:/home/manish/.m2/repository/org/seleniumhq/selenium/selenium-remote-driver/3.141.59/selenium-remote-driver-3.141.59.jar:/home/manish/.m2/repository/org/seleniumhq/selenium/selenium-safari-driver/3.141.59/selenium-safari-driver-3.141.59.jar:/home/manish/.m2/repository/org/seleniumhq/selenium/selenium-support/3.141.59/selenium-support-3.141.59.jar:/home/manish/.m2/repository/net/bytebuddy/byte-buddy/1.8.15/byte-buddy-1.8.15.jar:/home/manish/.m2/repository/org/apache/commons/commons-exec/1.3/commons-exec-1.3.jar:/home/manish/.m2/repository/com/google/guava/guava/25.0-jre/guava-25.0-jre.jar:/home/manish/.m2/repository/com/google/code/findbugs/jsr305/1.3.9/jsr305-1.3.9.jar:/home/manish/.m2/repository/org/checkerframework/checker-compat-qual/2.0.0/checker-compat-qual-2.0.0.jar:/home/manish/.m2/repository/com/google/errorprone/error_prone_annotations/2.1.3/error_prone_annotations-2.1.3.jar:/home/manish/.m2/repository/com/google/j2objc/j2objc-annotations/1.1/j2objc-annotations-1.1.jar:/home/manish/.m2/repository/org/codehaus/mojo/animal-sniffer-annotations/1.14/animal-sniffer-annotations-1.14.jar:/home/manish/.m2/repository/com/squareup/okhttp3/okhttp/3.11.0/okhttp-3.11.0.jar:/home/manish/.m2/repository/com/squareup/okio/okio/1.14.0/okio-1.14.0.jar:/home/manish/.m2/repository/org/testng/testng/6.14.3/testng-6.14.3.jar:/home/manish/.m2/repository/com/beust/jcommander/1.72/jcommander-1.72.jar:/home/manish/.m2/repository/org/apache-extras/beanshell/bsh/2.0b6/bsh-2.0b6.jar:/home/manish/.m2/repository/org/apache/poi/poi/4.0.1/poi-4.0.1.jar:/home/manish/.m2/repository/commons-codec/commons-codec/1.11/commons-codec-1.11.jar:/home/manish/.m2/repository/org/apache/commons/commons-collections4/4.2/commons-collections4-4.2.jar:/home/manish/.m2/repository/org/apache/commons/commons-math3/3.6.1/commons-math3-3.6.1.jar:/home/manish/.m2/repository/org/apache/poi/poi-ooxml/4.0.1/poi-ooxml-4.0.1.jar:/home/manish/.m2/repository/org/apache/poi/poi-ooxml-schemas/4.0.1/poi-ooxml-schemas-4.0.1.jar:/home/manish/.m2/repository/org/apache/xmlbeans/xmlbeans/3.0.2/xmlbeans-3.0.2.jar:/home/manish/.m2/repository/org/apache/commons/commons-compress/1.18/commons-compress-1.18.jar:/home/manish/.m2/repository/com/github/virtuald/curvesapi/1.05/curvesapi-1.05.jar:/home/manish/.m2/repository/com/aventstack/extentreports/4.0.9/extentreports-4.0.9.jar:/home/manish/.m2/repository/org/freemarker/freemarker/2.3.23/freemarker-2.3.23.jar:/home/manish/.m2/repository/org/mongodb/mongodb-driver/3.3.0/mongodb-driver-3.3.0.jar:/home/manish/.m2/repository/org/mongodb/mongodb-driver-core/3.3.0/mongodb-driver-core-3.3.0.jar:/home/manish/.m2/repository/org/mongodb/bson/3.3.0/bson-3.3.0.jar:/home/manish/.m2/repository/org/apache/httpcomponents/httpclient/4.5.2/httpclient-4.5.2.jar:/home/manish/.m2/repository/org/apache/httpcomponents/httpcore/4.4.4/httpcore-4.4.4.jar:/home/manish/.m2/repository/commons-logging/commons-logging/1.2/commons-logging-1.2.jar:/home/manish/.m2/repository/org/apache/httpcomponents/httpmime/4.5.2/httpmime-4.5.2.jar:/home/manish/.m2/repository/com/google/code/gson/gson/2.8.5/gson-2.8.5.jar:/home/manish/.m2/repository/org/apache/commons/commons-lang3/3.8.1/commons-lang3-3.8.1.jar:/home/manish/.m2/repository/commons-io/commons-io/2.6/commons-io-2.6.jar:/home/manish/.m2/repository/log4j/log4j/1.2.17/log4j-1.2.17.jar:"/>
    <property name="sun.cpu.endian" value="little"/>
    <property name="user.home" value="/home/manish"/>
    <property name="user.language" value="en"/>
    <property name="java.specification.vendor" value="Oracle Corporation"/>
    <property name="java.version.date" value="2019-04-16"/>
    <property name="java.home" value="/usr/lib/jvm/java-11-openjdk-amd64"/>
    <property name="file.separator" value="/"/>
    <property name="basedir" value="/home/manish/Desktop/ReportFromRepository/NMC-API-Automation"/>
    <property name="java.vm.compressedOopsMode" value="32-bit"/>
    <property name="line.separator" value="&#10;"/>
    <property name="java.specification.name" value="Java Platform API Specification"/>
    <property name="java.vm.specification.vendor" value="Oracle Corporation"/>
    <property name="java.awt.graphicsenv" value="sun.awt.X11GraphicsEnvironment"/>
    <property name="surefire.real.class.path" value="/home/manish/Desktop/ReportFromRepository/NMC-API-Automation/target/surefire/surefirebooter18064457763448164456.jar"/>
    <property name="sun.management.compiler" value="HotSpot 64-Bit Tiered Compilers"/>
    <property name="java.runtime.version" value="11.0.3+7-Ubuntu-1ubuntu218.04.1"/>
    <property name="user.name" value="manish"/>
    <property name="path.separator" value=":"/>
    <property name="os.version" value="4.18.0-21-generic"/>
    <property name="java.runtime.name" value="OpenJDK Runtime Environment"/>
    <property name="file.encoding" value="UTF-8"/>
    <property name="java.vm.name" value="OpenJDK 64-Bit Server VM"/>
    <property name="localRepository" value="/home/manish/.m2/repository"/>
    <property name="java.vendor.url.bug" value="http://bugreport.java.com/bugreport/"/>
    <property name="java.io.tmpdir" value="/tmp"/>
    <property name="java.version" value="11.0.3"/>
    <property name="user.dir" value="/home/manish/Desktop/ReportFromRepository/NMC-API-Automation"/>
    <property name="os.arch" value="amd64"/>
    <property name="java.vm.specification.name" value="Java Virtual Machine Specification"/>
    <property name="java.awt.printerjob" value="sun.print.PSPrinterJob"/>
    <property name="sun.os.patch.level" value="unknown"/>
    <property name="java.library.path" value="/usr/java/packages/lib:/usr/lib/x86_64-linux-gnu/jni:/lib/x86_64-linux-gnu:/usr/lib/x86_64-linux-gnu:/usr/lib/jni:/lib:/usr/lib"/>
    <property name="java.vendor" value="Oracle Corporation"/>
    <property name="java.vm.info" value="mixed mode, sharing"/>
    <property name="java.vm.version" value="11.0.3+7-Ubuntu-1ubuntu218.04.1"/>
    <property name="sun.io.unicode.encoding" value="UnicodeLittle"/>
    <property name="java.class.version" value="55.0"/>
  </properties>
  <testcase name="testLogin" classname="com.nmc.api.testcases.TestRegistrationPage" time="3.282"/>
  <testcase name="testOpRegistration" classname="com.nmc.api.testcases.TestRegistrationPage" time="38.244"/>
  <testcase name="testIpRegistration" classname="com.nmc.api.testcases.TestRegistrationPage" time="58.521"/>
  <testcase name="testOspRegistration" classname="com.nmc.api.testcases.TestRegistrationPage" time="46.007"/>
  <testcase name="testPreRegistration" classname="com.nmc.api.testcases.TestRegistrationPage" time="12.022"/>
</testsuite>