<?xml version="1.0" encoding="UTF-8"?>
<!-- Generated by org.testng.reporters.JUnitReportReporter -->
<testsuite hostname="manish-Latitude-3460" failures="0" tests="5" name="com.nmc.api.testcases.TestRegistrationPage" time="158.076" errors="0" timestamp="12 Jun 2019 08:35:34 GMT" skipped="0">
  <testcase classname="com.nmc.api.testcases.TestRegistrationPage" name="testLogin" time="3.279"/>
  <testcase classname="com.nmc.api.testcases.TestRegistrationPage" name="testOpRegistration" time="38.244"/>
  <testcase classname="com.nmc.api.testcases.TestRegistrationPage" name="testIpRegistration" time="58.522"/>
  <testcase classname="com.nmc.api.testcases.TestRegistrationPage" name="testOspRegistration" time="46.006"/>
  <testcase classname="com.nmc.api.testcases.TestRegistrationPage" name="testPreRegistration" time="12.025"/>
</testsuite> <!-- com.nmc.api.testcases.TestRegistrationPage -->
